Bitcoin Core 데몬 버전 v30.0.0

Bitcoin Core 데몬(bitcoind)은 Bitcoin 네트워크에 연결하여 트랜잭션과 블록을 검증하고 전파하며, 주소를 전파하는 헤드리스 프로그램입니다.

이것은 Bitcoin 네트워크의 백본을 제공하며, RPC, REST 및 ZMQ 서비스를 통해 다양한 트랜잭션, 블록 및 주소 관련 서비스를 제공할 수 있습니다.

트랜잭션 서비스를 제공하는 선택적 지갑 구성 요소가 있습니다.

헤드리스 환경에서 사용하거나 서버 설정의 일부로 사용할 수 있습니다.

사용법: bitcoind [옵션]

================================================================================
📚 용어 설명
================================================================================

【기본 용어】

• 데몬(Daemon)
  → 백그라운드에서 조용히 일하는 프로그램입니다. 
    마치 집에서 조용히 일하는 로봇처럼, 화면에 보이지 않지만 계속해서 일을 합니다.

• 헤드리스(Headless)
  → 화면이 없는 컴퓨터를 말합니다. 
    마치 TV 없이 작동하는 컴퓨터처럼, 모니터 없이도 작동할 수 있습니다.

• 네트워크(Network)
  → 여러 컴퓨터들이 서로 연결되어 있는 것을 말합니다.
    마치 전화로 친구들과 대화하는 것처럼, 컴퓨터들도 서로 정보를 주고받습니다.

• 트랜잭션(Transaction)
  → 비트코인을 보내거나 받는 거래를 말합니다.
    마치 편지를 보내거나 받는 것과 같습니다.

• 블록(Block)
  → 여러 개의 거래를 하나로 묶은 상자입니다.
    마치 편지 여러 개를 하나의 봉투에 넣는 것과 같습니다.

• 검증(Validation)
  → 거래가 올바른지 확인하는 것입니다.
    마치 편지가 제대로 작성되었는지 확인하는 것과 같습니다.

• 전파(Relay)
  → 정보를 다른 사람들에게 알려주는 것입니다.
    마치 소문을 퍼뜨리는 것처럼, 거래 정보를 다른 컴퓨터들에게 알려줍니다.

• RPC (Remote Procedure Call)
  → 다른 컴퓨터에 명령을 보내는 방법입니다.
    마치 리모컨으로 TV를 조작하는 것처럼, 멀리 있는 컴퓨터에 명령을 보낼 수 있습니다.

• REST
  → 웹을 통해 정보를 주고받는 방법입니다.
    마치 웹사이트에서 정보를 읽는 것과 같습니다.

• ZMQ (ZeroMQ)
  → 프로그램들이 빠르게 메시지를 주고받는 방법입니다.
    마치 친구들에게 빠르게 메시지를 보내는 것과 같습니다.

• 서버(Server)
  → 다른 컴퓨터들에게 서비스를 제공하는 컴퓨터입니다.
    마치 식당처럼, 손님들에게 음식을 제공하는 것과 같습니다.

• 클라이언트(Client)
  → 서버로부터 서비스를 받는 컴퓨터나 프로그램입니다.
    마치 식당의 손님처럼, 서버로부터 서비스를 받습니다.

• 포트(Port)
  → 컴퓨터의 문과 같습니다. 각 문마다 다른 번호가 있어서,
    특정 번호의 문을 통해 특정한 일을 할 수 있습니다.
    예: 8333번 문은 비트코인 연결용, 8332번 문은 RPC 명령용

• IP 주소(IP Address)
  → 인터넷에서 컴퓨터를 찾는 주소입니다.
    마치 집 주소처럼, 각 컴퓨터마다 고유한 주소가 있습니다.
    예: 127.0.0.1 (자기 자신), 192.168.1.100 (같은 집 안의 다른 컴퓨터)

• 로컬호스트(Localhost)
  → 자기 자신의 컴퓨터를 가리키는 말입니다.
    주소는 127.0.0.1을 사용합니다.
    마치 "나 자신"을 가리키는 것과 같습니다.

• 백그라운드(Background)
  → 화면 뒤에서 조용히 일하는 것을 말합니다.
    마치 부모님이 부엌에서 조용히 요리하는 것처럼,
    화면에는 보이지 않지만 계속 일을 하고 있습니다.

• 프록시(Proxy)
  → 다른 컴퓨터를 대신해서 인터넷에 연결해주는 중간 다리 역할을 합니다.
    마치 우체부처럼, 편지를 대신 전달해주는 역할입니다.

• 프라이버시(Privacy)
  → 개인 정보를 보호하는 것입니다.
    마치 일기장을 비밀로 하는 것처럼, 자신의 정보를 다른 사람에게 보이지 않게 하는 것입니다.

• 암호화(Encryption)
  → 정보를 다른 사람이 읽을 수 없도록 바꾸는 것입니다.
    마치 비밀 암호로 편지를 쓰는 것처럼, 특별한 열쇠가 있어야만 읽을 수 있습니다.

• 인덱스(Index)
  → 책의 목차처럼, 정보를 빠르게 찾을 수 있도록 만든 것입니다.
    마치 도서관의 책 찾기 카드처럼, 원하는 정보를 빠르게 찾을 수 있게 해줍니다.

• 캐시(Cache)
  → 자주 사용하는 정보를 빠르게 접근할 수 있도록 임시로 저장해두는 곳입니다.
    마치 책상 위에 자주 보는 책을 올려두는 것처럼, 빠르게 가져다 쓸 수 있게 해줍니다.

• 메모리 풀(Mempool)
  → 아직 블록에 포함되지 않은 거래들을 임시로 보관하는 곳입니다.
    마치 우체통처럼, 아직 배달되지 않은 편지들을 보관하는 곳입니다.

• 동기화(Synchronization)
  → 여러 컴퓨터가 같은 정보를 가지도록 맞추는 것입니다.
    마치 친구들과 같은 책을 읽는 것처럼, 모든 컴퓨터가 같은 블록체인 정보를 가지도록 하는 것입니다.

• 프루닝(Pruning)
  → 오래된 불필요한 정보를 삭제하여 공간을 절약하는 것입니다.
    마치 오래된 장난감을 버려서 방을 깨끗하게 하는 것과 같습니다.

• 스냅샷(Snapshot)
  → 특정 시점의 상태를 사진처럼 저장해두는 것입니다.
    마치 생일 파티 사진을 찍어두는 것처럼, 그 순간의 상태를 기록해둡니다.

【리눅스 명령어 설명】

• bitcoind
  → 비트코인 노드를 실행하는 프로그램입니다.
    사용 예: bitcoind -daemon
    설명: 비트코인 노드를 백그라운드에서 실행합니다.

• bitcoin-cli
  → 비트코인 노드에 명령을 보내는 도구입니다.
    사용 예: bitcoin-cli getblockchaininfo
    설명: 블록체인 정보를 조회합니다.

• echo
  → 텍스트를 화면에 출력하거나 파일에 저장하는 명령입니다.
    사용 예: echo "Hello" 
    설명: "Hello"라는 글자를 화면에 출력합니다.

• | (파이프)
  → 한 명령의 결과를 다른 명령으로 전달하는 것입니다.
    사용 예: bitcoind -help | grep "daemon"
    설명: bitcoind 도움말에서 "daemon"이라는 단어가 있는 부분만 찾아서 보여줍니다.

• grep
  → 파일이나 텍스트에서 특정 단어를 찾는 명령입니다.
    사용 예: grep "error" debug.log
    설명: debug.log 파일에서 "error"라는 단어가 있는 줄만 찾아서 보여줍니다.

• tail
  → 파일의 마지막 부분을 보여주는 명령입니다.
    사용 예: tail -f debug.log
    설명: debug.log 파일의 마지막 부분을 실시간으로 계속 보여줍니다.
          (-f는 "follow"의 약자로, 새로 추가되는 내용을 계속 보여줍니다)

• cat
  → 파일의 전체 내용을 화면에 출력하는 명령입니다.
    사용 예: cat bitcoin.conf
    설명: bitcoin.conf 파일의 모든 내용을 화면에 보여줍니다.

• nano / vim
  → 텍스트 파일을 편집하는 프로그램입니다.
    사용 예: nano bitcoin.conf
    설명: bitcoin.conf 파일을 편집할 수 있는 화면을 엽니다.
          (nano는 초보자용, vim은 고급 사용자용)

• mkdir
  → 새로운 폴더(디렉토리)를 만드는 명령입니다.
    사용 예: mkdir bitcoin-data
    설명: "bitcoin-data"라는 이름의 폴더를 만듭니다.

• cd
  → 다른 폴더로 이동하는 명령입니다.
    사용 예: cd ~/.bitcoin
    설명: .bitcoin 폴더로 이동합니다.
          (~는 홈 디렉토리를 의미합니다)

• cp
  → 파일을 복사하는 명령입니다.
    사용 예: cp bitcoin.conf.example bitcoin.conf
    설명: bitcoin.conf.example 파일을 bitcoin.conf로 복사합니다.

• mv
  → 파일을 이동하거나 이름을 바꾸는 명령입니다.
    사용 예: mv oldfile.txt newfile.txt
    설명: oldfile.txt 파일의 이름을 newfile.txt로 바꿉니다.

• chmod
  → 파일의 권한(읽기, 쓰기, 실행)을 변경하는 명령입니다.
    사용 예: chmod +x bitcoind
    설명: bitcoind 파일을 실행할 수 있도록 권한을 줍니다.
          (+x는 "실행 가능"을 의미합니다)

• sudo
  → 관리자 권한으로 명령을 실행하는 것입니다.
    사용 예: sudo apt install bitcoin
    설명: 관리자 권한으로 bitcoin을 설치합니다.
          (일반 사용자는 시스템 파일을 수정할 수 없지만,
           sudo를 사용하면 관리자처럼 권한을 얻을 수 있습니다)

• ps
  → 현재 실행 중인 프로그램 목록을 보여주는 명령입니다.
    사용 예: ps aux | grep bitcoind
    설명: 실행 중인 프로그램 중에서 bitcoind를 찾아서 보여줍니다.

• kill / killall
  → 실행 중인 프로그램을 종료하는 명령입니다.
    사용 예: killall bitcoind
    설명: 실행 중인 모든 bitcoind 프로그램을 종료합니다.

• wget / curl
  → 인터넷에서 파일을 다운로드하는 명령입니다.
    사용 예: wget https://example.com/file.tar.gz
    설명: 인터넷에서 file.tar.gz 파일을 다운로드합니다.

• tar
  → 압축 파일을 풀거나 만드는 명령입니다.
    사용 예: tar -xzf bitcoin.tar.gz
    설명: bitcoin.tar.gz 압축 파일을 풉니다.
          (-x는 압축 풀기, -z는 gzip 압축, -f는 파일 이름)

• netstat / ss
  → 네트워크 연결 상태를 보여주는 명령입니다.
    사용 예: netstat -tlnp | grep 8333
    설명: 8333 포트를 사용하는 연결을 찾아서 보여줍니다.

• df
  → 디스크 사용량을 보여주는 명령입니다.
    사용 예: df -h
    설명: 디스크 사용량을 사람이 읽기 쉬운 형식(-h)으로 보여줍니다.

• du
  → 폴더나 파일의 크기를 보여주는 명령입니다.
    사용 예: du -sh ~/.bitcoin
    설명: .bitcoin 폴더의 전체 크기를 보여줍니다.
          (-s는 요약, -h는 사람이 읽기 쉬운 형식)

• systemctl
  → 시스템 서비스를 관리하는 명령입니다.
    사용 예: sudo systemctl start bitcoind
    설명: bitcoind 서비스를 시작합니다.
          (서비스는 컴퓨터가 켜질 때 자동으로 실행되는 프로그램입니다)

• journalctl
  → 시스템 로그를 보는 명령입니다.
    사용 예: sudo journalctl -u bitcoind -f
    설명: bitcoind 서비스의 로그를 실시간으로 보여줍니다.
          (-u는 서비스 이름, -f는 실시간으로 계속 보기)

【파일 경로 설명】

• ~ (틸드)
  → 홈 디렉토리를 의미합니다.
    예: ~/.bitcoin = /home/사용자이름/.bitcoin

• / (슬래시)
  → 루트 디렉토리(최상위 폴더)를 의미하거나, 폴더 구분자로 사용됩니다.
    예: /usr/local/bin = 루트 > usr > local > bin 폴더

• . (점)
  → 현재 폴더를 의미하거나, 숨김 파일을 나타냅니다.
    예: .bitcoin = 숨김 폴더 (앞에 점이 있으면 일반적으로 숨겨진 파일/폴더)

• .. (점 두 개)
  → 상위 폴더(부모 폴더)를 의미합니다.
    예: cd .. = 한 단계 위 폴더로 이동

• * (별표)
  → 모든 것을 의미하는 와일드카드입니다.
    예: *.log = 확장자가 .log인 모든 파일

【네트워크 용어】

• P2P (Peer-to-Peer)
  → 컴퓨터들이 서로 직접 연결되어 정보를 주고받는 방식입니다.
    마치 친구들끼리 직접 전화하는 것처럼, 중간에 서버 없이 직접 연결됩니다.

• 피어(Peer)
  → 네트워크에 연결된 다른 컴퓨터를 말합니다.
    마치 같은 반 친구들처럼, 같은 네트워크에 있는 다른 컴퓨터들입니다.

• 연결(Connection)
  → 두 컴퓨터가 서로 통신할 수 있도록 이어주는 것입니다.
    마치 전화선처럼, 정보를 주고받을 수 있는 통로입니다.

• 바인딩(Binding)
  → 특정 주소나 포트에서 연결을 기다리는 것입니다.
    마치 특정 번호의 전화를 받을 준비를 하는 것과 같습니다.

• 리스닝(Listening)
  → 다른 컴퓨터의 연결을 기다리는 상태입니다.
    마치 전화를 받을 준비를 하고 있는 것과 같습니다.

================================================================================

옵션:

  -alertnotify=<cmd>
       경고가 발생할 때 명령 실행 (cmd의 %s는 메시지로 대체됨)
       사용 예시: bitcoind -alertnotify="echo 'Alert: %s' | mail -s 'Bitcoin Alert' admin@example.com"
       
       📌 사용 상황:
       - 네트워크 문제나 중요한 경고를 즉시 알림받고 싶을 때
       - 서버 모니터링 시스템과 연동할 때
       - 이메일이나 SMS로 알림을 받고 싶을 때
       
       💡 권장 설정:
       - 이메일 알림: -alertnotify="echo '%s' | mail -s 'Bitcoin Alert' admin@example.com"
       - 로그 파일 기록: -alertnotify="echo '%s' >> /var/log/bitcoin-alerts.log"
       - 슬랙/텔레그램 알림: -alertnotify="/path/to/notify-script.sh '%s'"
       
       ✅ 기대 결과:
       - 경고 발생 시 지정한 명령이 자동 실행됨
       - %s 부분에 실제 경고 메시지가 들어감
       - 시스템 관리자가 즉시 문제를 인지할 수 있음

  -allowignoredconf
       하위 호환성을 위해, datadir에 있는 사용되지 않는 bitcoin.conf 파일을
       오류가 아닌 경고로 처리합니다.

  -assumevalid=<hex>
       이 블록이 체인에 있으면 이 블록과 그 조상들이 유효하다고 가정하고
       스크립트 검증을 건너뛸 수 있습니다 (0은 모두 검증,
       기본값:
       00000000000000000000611fd22f2df7c8fbd0688745c3a6c3bb5109cc2a12cb,
       testnet3:
       0000000000000065c6c38258e201971a3fdfcc2ceee0dd6e85a6c022d45dee34,
       testnet4:
       000000000000000180a58e7fa3b0db84b5ea76377524894f53660d93ac839d9b,
       signet:
       000000128586e26813922680309f04e1de713c7542fee86ed908f56368aefe2e)

  -blockfilterindex=<type>
       블록별 컴팩트 필터 인덱스 유지 (기본값: 0, 값: basic). <type>이 제공되지 않거나
       <type> = 1인 경우, 모든 알려진 유형의 인덱스가 활성화됩니다.

  -blocknotify=<cmd>
       최고 블록이 변경될 때 명령 실행 (cmd의 %s는 블록 해시로 대체됨)
       사용 예시: bitcoind -blocknotify="echo 'New block: %s' >> /var/log/bitcoin-blocks.log"

  -blockreconstructionextratxn=<n>
       컴팩트 블록 재구성을 위해 메모리에 유지할 추가 트랜잭션 수
       (기본값: 100)

  -blocksdir=<dir>
       *.dat 파일을 위한 blocks 하위 디렉토리를 보관할 디렉토리 지정 (기본값:
       <datadir>)

  -blocksonly
       네트워크 피어로부터 트랜잭션을 거부할지 여부. 소스 피어가
       'forcerelay' 권한을 가지지 않는 한 트랜잭션의 자동 브로드캐스트 및
       재브로드캐스트를 비활성화합니다. RPC 트랜잭션은 영향을 받지 않습니다.
       (기본값: 0)
       사용 예시: bitcoind -blocksonly
       
       📌 사용 상황:
       - 대역폭을 절약하고 싶을 때
       - 트랜잭션 릴레이가 필요 없을 때
       - 블록만 동기화하고 싶을 때
       - 리소스가 제한적인 환경에서
       - 프라이버시를 강화하고 싶을 때
       
       💡 권장 설정:
       - 일반 사용자: 설정 안 함 (기본값, 네트워크에 기여)
       - 대역폭 절약: -blocksonly
       - 주의: 네트워크에 덜 기여하게 됨
       - 주의: RPC로 전송한 트랜잭션은 여전히 전파됨
       
       ✅ 기대 결과:
       - 네트워크로부터 받은 트랜잭션을 거부
       - 블록만 다운로드하고 동기화
       - 대역폭 사용량 감소 (약 50-70% 감소)
       - 메모리 사용량 감소 (메모리 풀 크기 감소)
       - 네트워크 기여도 감소 (트랜잭션 전파 안 함)
       - 프라이버시 향상 (다른 노드의 트랜잭션을 받지 않음)

  -blocksxor
       XOR 키가 blocksdir *.dat 파일에 적용되는지 여부. 생성된 XOR 키는
       기존 blocksdir의 경우 또는 `-blocksxor=0`이 설정된 경우 0이 되고,
       새로 초기화된 blocksdir의 경우 랜덤이 됩니다. (기본값: 1)

  -coinstatsindex
       gettxoutsetinfo RPC에서 사용하는 코인 통계 인덱스 유지 (기본값: 0)

  -conf=<file>
       읽기 전용 설정 파일 경로 지정. 상대 경로는 datadir 위치로 접두사가 붙습니다
       (명령줄에서만 사용 가능, 설정 파일에서는 사용 불가) (기본값: bitcoin.conf)
       사용 예시: bitcoind -conf=/etc/bitcoin/bitcoin.conf

  -daemon
       백그라운드에서 데몬으로 실행하고 명령을 수락합니다 (기본값: 0)
       사용 예시: bitcoind -daemon
       
       📌 사용 상황:
       - 서버에서 24시간 내내 노드를 실행해야 할 때
       - 터미널을 닫아도 노드가 계속 실행되도록 할 때
       - systemd 서비스로 관리하지 않고 직접 실행할 때
       
       💡 권장 설정:
       - 일반 서버: bitcoind -daemon
       - systemd 사용 시: -daemon 옵션 불필요 (systemd가 자동 관리)
       
       ✅ 기대 결과:
       - 노드가 백그라운드에서 실행됨
       - 터미널을 닫아도 프로세스가 계속 실행됨
       - bitcoind.pid 파일이 생성되어 프로세스 ID 확인 가능
       - bitcoin-cli로 명령 실행 가능

  -daemonwait
       종료하기 전에 초기화가 완료될 때까지 대기합니다. 이것은
       -daemon을 의미합니다 (기본값: 0)

  -datadir=<dir>
       데이터 디렉토리 지정
       사용 예시: bitcoind -datadir=/mnt/bitcoin-data
       
       📌 사용 상황:
       - 시스템 디스크와 별도로 대용량 데이터 디스크를 사용할 때
       - 여러 네트워크(메인넷, 테스트넷)를 동시에 실행할 때
       - SSD와 HDD를 분리해서 사용할 때
       - 기본 위치(~/.bitcoin)가 아닌 곳에 저장하고 싶을 때
       
       💡 권장 설정:
       - 일반 사용: 기본값 사용 (설정 불필요)
       - 대용량 디스크 사용: -datadir=/mnt/bitcoin-data
       - SSD 사용 권장: -datadir=/mnt/ssd/bitcoin-data
       - 여러 네트워크: -datadir=/path/to/mainnet 또는 -datadir=/path/to/testnet
       
       ✅ 기대 결과:
       - 지정한 디렉토리에 블록체인 데이터가 저장됨
       - 블록, 체인 상태, 지갑 등 모든 데이터가 해당 위치에 저장
       - 디스크 공간이 부족한 시스템 디스크를 보호할 수 있음
       - 더 빠른 디스크(SSD) 사용 시 성능 향상

  -dbcache=<n>
       최대 데이터베이스 캐시 크기 <n> MiB (최소 4, 기본값: 450). 충분한 RAM이
       있는지 확인하세요. 또한 메모리 풀에 할당된 사용되지 않는 메모리는
       이 캐시와 공유됩니다 (-maxmempool 참조).
       사용 예시: bitcoind -dbcache=4500
       
       📌 사용 상황:
       - 동기화 속도를 높이고 싶을 때
       - 충분한 RAM이 있을 때 (8GB 이상 권장)
       - 디스크 I/O가 병목일 때
       - 초기 동기화 시간을 단축하고 싶을 때
       
       💡 권장 설정:
       - RAM 4GB: -dbcache=2000 (2GB)
       - RAM 8GB: -dbcache=4500 (4.5GB) - 권장
       - RAM 16GB: -dbcache=8000 (8GB)
       - RAM 32GB 이상: -dbcache=16000 (16GB)
       - 공식: 전체 RAM의 50-70% 정도 (다른 프로그램을 위한 메모리 확보 필요)
       
       ✅ 기대 결과:
       - 블록 데이터를 메모리에 캐싱하여 디스크 읽기 감소
       - 동기화 속도가 크게 향상됨 (2-3배 빠를 수 있음)
       - 블록 검증 속도 향상
       - 디스크 I/O 부하 감소로 디스크 수명 연장
       - RAM 사용량 증가 (설정한 크기만큼)

  -debuglogfile=<file>
       디버그 로그 파일 위치 지정 (기본값: debug.log). 상대 경로는
       네트워크별 datadir 위치로 접두사가 붙습니다.
       -nodebuglogfile을 전달하여 파일에 로그를 쓰지 않도록 합니다.

  -help
       이 도움말 메시지를 출력하고 종료합니다 (또는 -h 또는 -?)

  -includeconf=<file>
       추가 설정 파일 지정, -datadir 경로에 상대적
       (설정 파일에서만 사용 가능, 명령줄에서는 사용 불가)

  -loadblock=<file>
       시작 시 외부 파일에서 블록 가져오기

  -maxmempool=<n>
       트랜잭션 메모리 풀을 <n> 메가바이트 미만으로 유지 (기본값: 300)
       사용 예시: bitcoind -maxmempool=500
       
       📌 사용 상황:
       - 메모리가 제한적인 환경에서
       - 메모리 풀 크기를 제어하고 싶을 때
       - 많은 트랜잭션이 있을 때 메모리 사용량을 제한하고 싶을 때
       - -dbcache와 메모리를 공유하므로 조정이 필요할 때
       
       💡 권장 설정:
       - 일반 사용자: 기본값 300MB (권장)
       - 메모리 부족: -maxmempool=100
       - 충분한 메모리: -maxmempool=500
       - 대용량 트래픽: -maxmempool=1000
       - 주의: -dbcache와 메모리를 공유하므로 전체 RAM 고려 필요
       
       ✅ 기대 결과:
       - 메모리 풀 크기가 제한됨
       - 지정한 크기를 초과하면 오래된 트랜잭션 자동 삭제
       - 메모리 사용량 제어 가능
       - -dbcache와 메모리 공유로 효율적 사용
       - 메모리 부족 시 시스템 안정성 향상

  -maxorphantx=<n>
       (제거된 옵션, 릴리스 노트 참조)

  -mempoolexpiry=<n>
       메모리 풀에 트랜잭션을 <n> 시간보다 오래 유지하지 않습니다 (기본값:
       336)

  -par=<n>
       스크립트 검증 스레드 수 설정 (0 = 자동, 최대 15, <0 =
       해당 수만큼 코어를 비워둠, 기본값: 0)

  -persistmempool
       종료 시 메모리 풀을 저장하고 재시작 시 로드할지 여부 (기본값: 1)

  -persistmempoolv1
       -persistmempool 또는 savemempool RPC로 생성된 mempool.dat 파일이
       레거시 형식(버전 1) 또는 현재 형식(버전 2)으로 작성되는지 여부.
       이 임시 옵션은 나중에 제거될 예정입니다. (기본값: 0)

  -pid=<file>
       pid 파일 지정. 상대 경로는 네트워크별 datadir 위치로 접두사가 붙습니다.
       (기본값: bitcoind.pid)

  -prune=<n>
       오래된 블록의 프루닝(삭제)을 활성화하여 저장 공간 요구사항을 줄입니다.
       이것은 pruneblockchain RPC를 호출하여 특정 블록을 삭제할 수 있게 하고,
       MiB 단위의 대상 크기가 제공되면 오래된 블록의 자동 프루닝을 활성화합니다.
       이 모드는 -txindex와 호환되지 않습니다. 경고: 이 설정을 되돌리려면
       전체 블록체인을 다시 다운로드해야 합니다. (기본값: 0 =
       블록 프루닝 비활성화, 1 = RPC를 통한 수동 프루닝 허용, >=550 =
       지정된 대상 크기(MiB) 미만으로 블록 파일을 자동으로 프루닝)
       사용 예시: bitcoind -prune=550
       
       📌 사용 상황:
       - 디스크 공간이 부족할 때
       - 오래된 블록 히스토리가 필요 없을 때
       - 라이트 노드처럼 최근 블록만 유지하고 싶을 때
       - 저장 공간을 절약하면서도 네트워크에 기여하고 싶을 때
       
       💡 권장 설정:
       - 전체 블록체인 유지: -prune=0 (기본값, 약 500GB 필요)
       - 최소 공간: -prune=550 (약 5GB, 최근 288 블록만 유지)
       - 중간 설정: -prune=2000 (약 20GB)
       - 수동 프루닝만: -prune=1 (RPC로 직접 제어)
       - 주의: -txindex와 함께 사용 불가
       
       ✅ 기대 결과:
       - 디스크 사용량이 크게 감소 (550MB 설정 시 약 5GB만 사용)
       - 오래된 블록은 삭제되지만 최근 블록은 유지
       - 네트워크에 여전히 기여 가능 (최근 블록 전파)
       - 과거 블록 조회는 불가능 (getblock 등에서 오래된 블록 조회 실패)
       - 동기화 시간 단축 (다운로드할 데이터 감소)

  -reindex
       활성화되면 체인 상태와 블록 인덱스를 지우고 디스크의 blk*.dat 파일에서
       다시 빌드합니다. 또한 활성화된 다른 선택적 인덱스도 지우고 다시 빌드합니다.
       assumeutxo 스냅샷이 로드된 경우, 해당 체인 상태도 지워집니다.
       그런 다음 스냅샷을 RPC를 통해 다시 로드할 수 있습니다.
       사용 예시: bitcoind -reindex
       
       📌 사용 상황:
       - 블록체인 데이터가 손상되었을 때
       - 인덱스가 손상되었을 때
       - 데이터베이스 오류가 발생했을 때
       - 체인 상태를 완전히 재구성해야 할 때
       - 버그나 문제 해결을 위해
       
       💡 권장 설정:
       - 문제 발생 시에만 사용: bitcoind -reindex
       - 시간이 오래 걸림 (수 시간 ~ 수일 소요 가능)
       - 백업 후 실행 권장
       - -reindex-chainstate: 체인 상태만 재구성 (더 빠름)
       - 주의: 한 번만 실행 (재시작 시 자동 실행 안 됨)
       
       ✅ 기대 결과:
       - 모든 인덱스와 체인 상태가 삭제됨
       - blk*.dat 파일에서 처음부터 다시 인덱스 구축
       - 데이터 무결성 검증 및 복구
       - 시간이 오래 걸림 (전체 블록체인 재처리)
       - 디스크 I/O가 매우 높음
       - 문제가 해결되면 정상 동작

  -reindex-chainstate
       활성화되면 체인 상태를 지우고 디스크의 blk*.dat 파일에서 다시 빌드합니다.
       assumeutxo 스냅샷이 로드된 경우, 해당 체인 상태도 지워집니다.
       그런 다음 스냅샷을 RPC를 통해 다시 로드할 수 있습니다.

  -settings=<file>
       동적 설정 데이터 파일 경로 지정. -nosettings로 비활성화할 수 있습니다.
       파일은 런타임에 작성되며 사용자가 편집할 의도가 없습니다
       (사용자 정의 설정의 경우 bitcoin.conf 사용).
       상대 경로는 datadir 위치로 접두사가 붙습니다. (기본값:
       settings.json)

  -shutdownnotify=<cmd>
       종료를 시작하기 직전에 명령 실행. 종료가 긴급할 수 있으므로
       오래 지연시키지 않도록 주의하세요 (명령이 서버와의 상호작용을
       요구하지 않는 경우, 백그라운드로 포크하는 것을 고려하세요).

  -startupnotify=<cmd>
       시작 시 명령 실행.

  -txindex
       getrawtransaction rpc 호출에서 사용되는 전체 트랜잭션 인덱스 유지
       (기본값: 0-비활성화, 1-활성화)
       사용 예시: bitcoind -txindex
       
       📌 사용 상황:
       - 트랜잭션 ID로 과거 트랜잭션을 조회해야 할 때
       - 블록 탐색기나 인덱싱 서비스를 운영할 때
       - DApp 개발 시 특정 트랜잭션을 자주 조회할 때
       - 트랜잭션 분석 도구를 사용할 때
       
       💡 권장 설정:
       - 일반 사용자: 설정 안 함 (기본값, 공간 절약)
       - 개발자/서비스 운영: -txindex (필수)
       - 주의: 약 10GB 추가 디스크 공간 필요
       - 주의: -prune과 함께 사용 불가
       - 초기 동기화 시간 증가 (인덱스 구축 시간)
       
       ✅ 기대 결과:
       - 모든 트랜잭션에 대한 인덱스가 생성됨
       - getrawtransaction RPC로 어떤 트랜잭션이든 즉시 조회 가능
       - 디스크 공간 약 10GB 추가 사용
       - 초기 동기화 시간이 20-30% 증가할 수 있음
       - 이후 트랜잭션 조회는 매우 빠름

  -version
       버전을 출력하고 종료합니다

연결 옵션:

  -addnode=<ip>
       연결할 노드를 추가하고 연결을 열어두려고 시도합니다 (자세한 내용은
       addnode RPC 도움말 참조). 이 옵션은 여러 노드를 추가하기 위해 여러 번
       지정할 수 있습니다. 연결은 한 번에 8개로 제한되며 -maxconnections
       제한과 별도로 계산됩니다.
       사용 예시: bitcoind -addnode=192.168.1.100 -addnode=203.0.113.50

  -asmap=<file>
       피어 버킷팅에 사용되는 ASN 매핑 지정 (기본값:
       ip_asn.map). 상대 경로는 네트워크별 datadir 위치로 접두사가 붙습니다.

  -bantime=<n>
       수동으로 구성된 밴의 기본 지속 시간(초) (기본값:
       86400)

  -bind=<addr>[:<port>][=onion]
       주어진 주소에 바인딩하고 항상 수신합니다 (기본값: 0.0.0.0). IPv6의 경우
       [host]:port 표기법을 사용하세요. =onion을 추가하여 해당 주소와 포트로
       들어오는 모든 연결을 들어오는 Tor 연결로 태그합니다
       (기본값: 127.0.0.1:8334=onion, testnet3: 127.0.0.1:18334=onion,
       testnet4: 127.0.0.1:48334=onion, signet: 127.0.0.1:38334=onion,
       regtest: 127.0.0.1:18445=onion)

  -cjdnsreachable
       설정되면 이 호스트가 CJDNS로 구성됩니다 (fc00::/8 주소에 연결하면
       CJDNS 네트워크로 이어집니다, doc/cjdns.md 참조)
       (기본값: 0)

  -connect=<ip>
       지정된 노드에만 연결합니다. -noconnect는 자동 연결을 비활성화합니다
       (이 피어에 대한 규칙은 -addnode와 동일합니다). 여러 노드에 연결하기 위해
       이 옵션을 여러 번 지정할 수 있습니다.

  -discover
       자체 IP 주소 발견 (기본값: 수신 중이고 -externalip 또는
       -proxy가 없을 때 1)

  -dns
       -addnode, -seednode 및 -connect에 대한 DNS 조회 허용 (기본값: 1)

  -dnsseed
       주소가 부족한 경우 DNS 조회를 통해 피어 주소 조회 (기본값: 1
       -connect가 사용되거나 -maxconnections=0이 아닌 경우)

  -externalip=<ip>
       자체 공용 주소 지정

  -fixedseeds
       DNS 시드가 피어를 제공하지 않는 경우 고정 시드 허용 (기본값: 1)

  -forcednsseed
       항상 DNS 조회를 통해 피어 주소 조회 (기본값: 0)

  -i2pacceptincoming
       들어오는 I2P 연결을 수락할지 여부 (기본값: 1). -i2psam이
       설정되지 않은 경우 무시됩니다. 들어오는 I2P 연결 수신은
       로컬 주소와 포트에 바인딩하는 것이 아니라 SAM 프록시를 통해 수행됩니다.

  -i2psam=<ip:port>
       I2P 피어에 도달하고 I2P 연결을 수락하기 위한 I2P SAM 프록시 (기본값:
       none)

  -listen
       외부로부터의 연결 수락 (기본값: -proxy, -connect 또는
       -maxconnections=0이 없을 때 1)

  -listenonion
       Tor onion 서비스 자동 생성 (기본값: 1)

  -maxconnections=<n>
       피어에 대한 자동 연결을 최대 <n>개 유지 (기본값: 125). 이
       제한은 -addnode 또는 addnode RPC를 통해 수동으로 추가된 연결에는
       적용되지 않으며, 별도의 제한인 8개가 있습니다.
       사용 예시: bitcoind -maxconnections=200
       
       📌 사용 상황:
       - 동기화 속도를 높이고 싶을 때
       - 네트워크 대역폭이 충분할 때
       - 더 많은 피어와 연결하여 네트워크에 기여하고 싶을 때
       - 리소스가 제한적인 환경에서는 낮게 설정
       
       💡 권장 설정:
       - 일반 사용자: 기본값 125 (권장)
       - 빠른 동기화: -maxconnections=200
       - 리소스 제한: -maxconnections=50
       - 최소: -maxconnections=8 (기본 동기화 가능)
       - 주의: 너무 높으면 네트워크 대역폭과 CPU 사용량 증가
       
       ✅ 기대 결과:
       - 더 많은 피어와 연결되어 데이터 다운로드 속도 향상
       - 동기화 시간 단축 (특히 초기 동기화)
       - 네트워크 대역폭 사용량 증가
       - CPU와 메모리 사용량 약간 증가
       - 네트워크에 더 많이 기여 (더 많은 피어에게 데이터 제공)

  -maxreceivebuffer=<n>
       연결당 최대 수신 버퍼, <n>*1000 바이트 (기본값: 5000)

  -maxsendbuffer=<n>
       송신 버퍼에 대한 연결당 최대 메모리 사용량, <n>*1000 바이트
       (기본값: 1000)

  -maxuploadtarget=<n>
       24시간당 아웃바운드 트래픽을 주어진 대상 이하로 유지하려고 시도합니다.
       제한은 'download' 권한이 있는 피어나 지난 주에 생성된 블록에는
       적용되지 않습니다. 0 = 제한 없음 (기본값: 0M). 선택적
       접미사 단위 [k|K|m|M|g|G|t|T] (기본값: M). 소문자는 1000
       기반이고 대문자는 1024 기반입니다.

  -natpmp
       수신 포트를 매핑하기 위해 PCP 또는 NAT-PMP 사용 (기본값: 1)

  -networkactive
       모든 P2P 네트워크 활동 활성화 (기본값: 1). setnetworkactive RPC 명령으로
       변경할 수 있습니다.

  -onion=<ip:port|path>
       Tor onion 서비스를 통해 피어에 도달하기 위해 별도의 SOCKS5 프록시 사용,
       -noonion으로 비활성화 (기본값: -proxy). 'unix:' 접두사가 붙은
       로컬 파일 경로일 수 있습니다.

  -onlynet=<net>
       네트워크 <net>에만 자동 아웃바운드 연결 생성 (ipv4, ipv6,
       onion, i2p, cjdns). 인바운드 및 수동 연결은
       이 옵션의 영향을 받지 않습니다. 여러 네트워크를 허용하기 위해
       여러 번 지정할 수 있습니다.

  -peerblockfilters
       BIP 157에 따라 피어에게 컴팩트 블록 필터 제공 (기본값: 0)

  -peerbloomfilters
       블룸 필터를 사용한 블록 및 트랜잭션 필터링 지원 (기본값:
       0)

  -port=<port>
       <port>에서 연결 수신 (기본값: 8333, testnet3: 18333,
       testnet4: 48333, signet: 38333, regtest: 18444). I2P에는
       관련 없음 (doc/i2p.md 참조). 값 x로 설정하면 기본 onion
       수신 포트가 x+1로 설정됩니다.
       사용 예시: bitcoind -port=8333

  -proxy=<ip>[:<port>]|unix:<path>[=<network>]
       SOCKS5 프록시를 통해 연결, -noproxy로 비활성화. 프록시가 지원하는 경우
       'unix:' 접두사가 붙은 로컬 파일 경로일 수 있습니다.
       =network로 끝나 해당 네트워크에만 프록시를 설정할 수 있습니다.
       네트워크는 ipv4, ipv6, tor 또는 cjdns 중 하나일 수 있습니다. (기본값:
       비활성화)
       사용 예시: bitcoind -proxy=127.0.0.1:9050

  -proxyrandomize
       모든 프록시 연결에 대해 자격 증명 무작위화. 이것은 Tor
       스트림 격리를 활성화합니다 (기본값: 1)

  -seednode=<ip>
       피어 주소를 검색하기 위해 노드에 연결하고 연결을 끊습니다.
       여러 노드에 연결하기 위해 이 옵션을 여러 번 지정할 수 있습니다.
       시작 시 seednode는 dnsseed보다 먼저 시도됩니다.

  -timeout=<n>
       소켓 연결 타임아웃을 밀리초 단위로 지정합니다. 초기 연결 시도가
       이 시간 후에도 성공하지 못하면 중단합니다
       (최소: 1, 기본값: 5000)

  -torcontrol=<ip>:<port>
       onion 수신이 활성화된 경우 사용할 Tor 제어 호스트 및 포트 (기본값:
       127.0.0.1:9051). 포트가 지정되지 않으면 기본 포트
       9051이 사용됩니다.

  -torpassword=<pass>
       Tor 제어 포트 비밀번호 (기본값: 비어 있음)

  -v2transport
       v2 전송 지원 (기본값: 1)

  -whitebind=<[permissions@]addr>
       주어진 주소에 바인딩하고 연결하는 피어에 권한 플래그를 추가합니다.
       IPv6의 경우 [host]:port 표기법을 사용하세요. 허용되는
       권한: bloomfilter (BIP37 필터링된 블록 및 트랜잭션 요청 허용),
       noban (잘못된 동작에 대해 밴하지 않음; download를 의미함),
       forcerelay (이미 메모리 풀에 있는 트랜잭션 전파; relay를 의미함),
       relay (-blocksonly 모드에서도 전파하고 무제한 트랜잭션 알림),
       mempool (BIP35 메모리 풀 내용 요청 허용), download (IBD 중 getheaders 허용,
       maxuploadtarget 제한 후 연결 끊지 않음), addr
       (GETADDR 응답이 캐시를 건드리지 않고 가장 최신 정보가 포함된 랜덤
       레코드를 포함함). 여러 권한을 쉼표로 구분하여 지정 (기본값:
       download,noban,mempool,relay). 여러 번 지정할 수 있습니다.

  -whitelist=<[permissions@]IP address or network>
       주어진 IP 주소(예: 1.2.3.4) 또는 CIDR 표기 네트워크(예: 1.2.3.0/24)를
       사용하는 피어에 권한 플래그를 추가합니다. -whitebind와 동일한
       권한을 사용합니다. 추가 플래그 "in" 및 "out"은
       권한이 들어오는 연결 및/또는 수동 연결에 적용되는지 제어합니다
       (기본값: 들어오는 연결만). 여러 번 지정할 수 있습니다.

지갑 옵션:

  -addresstype
       사용할 주소 유형 ("legacy", "p2sh-segwit", "bech32",
       "bech32m", 기본값: "bech32")

  -avoidpartialspends
       주소별로 출력을 그룹화하여 많은(가능한 모든) 또는 없음을 선택하는 대신
       출력별로 선택합니다. 프라이버시가 향상됩니다.
       주소가 더 적은 트랜잭션으로 대부분 스위핑되고 출력이
       깨끗한 거스름돈 주소로 집계되기 때문입니다. 이 추가된
       제한으로 인한 덜 최적의 코인 선택과 불필요하게 많은 수의 입력이
       사용될 수 있기 때문에 수수료가 더 높을 수 있습니다.
       "avoid_reuse"가 활성화된 지갑의 경우 항상 활성화되며, 그렇지 않으면 기본값: 0입니다.

  -changetype
       사용할 거스름돈 유형 ("legacy", "p2sh-segwit", "bech32",
       "bech32m"). -addresstype=legacy일 때 기본값은 "legacy"이고, 그렇지 않으면
       구현 세부 사항입니다.

  -consolidatefeerate=<amt>
       트랜잭션 빌딩이 엄격히 필요한 것보다 더 많은 입력을 사용할 수 있는 최대 수수료율
       (BTC/kvB 단위)로 지갑의 UTXO 풀을 줄일 수 있습니다 (기본값: 0.0001).

  -disablewallet
       지갑을 로드하지 않고 지갑 RPC 호출을 비활성화합니다
       사용 예시: bitcoind -disablewallet

  -discardfee=<amt>
       거스름돈을 수수료에 추가하여 폐기하는 것에 대한 허용 오차를 나타내는
       수수료율 (BTC/kvB 단위) (기본값: 0.0001). 참고: 출력은
       이 비율에서 더스트인 경우 폐기되지만, 항상 더스트 릴레이 수수료까지
       폐기하고 그 이상의 폐기 수수료는 가장 긴 대상에 대한 수수료 추정에 의해
       제한됩니다.

  -fallbackfee=<amt>
       수수료 추정에 데이터가 부족할 때 사용될 수수료율 (BTC/kvB 단위).
       0으로 설정하면 fallbackfee 기능을 완전히 비활성화합니다.
       (기본값: 0.00)

  -keypool=<n>
       키 풀 크기를 <n>으로 설정 (기본값: 1000). 경고: 더 작은 크기는
       원래 키풀의 주소가 사용되지 않은 경우 오래된 백업에서 복원할 때
       자금 손실 위험을 증가시킬 수 있습니다.

  -maxapsfee=<n>
       부분 지출 회피 사용을 허용하는 경우 추가(절대) 수수료(BTC 단위)로
       이 금액까지 지출 (기본값: 0.00)

  -mintxfee=<amt>
       이것보다 작은 수수료율(BTC/kvB 단위)은 트랜잭션 생성에 대해
       제로 수수료로 간주됩니다 (기본값: 0.00001)

  -paytxfee=<amt>
       (사용 중단됨) 전송하는 트랜잭션에 추가할 수수료율 (BTC/kvB 단위)
       (기본값: 0.00)

  -signer=<cmd>
       외부 서명 도구, doc/external-signer.md 참조

  -spendzeroconfchange
       트랜잭션 전송 시 확인되지 않은 거스름돈 지출 (기본값: 1)

  -txconfirmtarget=<n>
       paytxfee가 설정되지 않은 경우, 트랜잭션이 평균적으로 n 블록 내에
       확인을 시작하도록 충분한 수수료를 포함합니다 (기본값: 6)

  -wallet=<path>
       시작 시 로드할 지갑 경로 지정. 여러 지갑을 로드하기 위해 여러 번
       사용할 수 있습니다. 경로는 지갑 데이터 및 로그 파일을 포함하는
       디렉토리입니다. 경로가 절대 경로가 아닌 경우,
       <walletdir>에 상대적으로 해석됩니다. 이것은 기존 지갑만 로드하고
       새 지갑을 생성하지 않습니다. 하위 호환성을 위해
       <walletdir>의 기존 최상위 데이터 파일 이름도 허용합니다.

  -walletbroadcast
       지갑이 트랜잭션을 브로드캐스트하도록 합니다 (기본값: 1)

  -walletdir=<dir>
       지갑을 보관할 디렉토리 지정 (기본값: <datadir>/wallets가 존재하는 경우,
       그렇지 않으면 <datadir>)

  -walletnotify=<cmd>
       지갑 트랜잭션이 변경될 때 명령 실행. cmd의 %s는 TxID로 대체되고,
       %w는 지갑 이름으로 대체되며, %b는 트랜잭션을 포함하는 블록의
       해시로 대체됩니다 (트랜잭션이 포함되지 않은 경우 'unconfirmed'로 설정됨).
       %h는 블록 높이로 대체됩니다 (포함되지 않은 경우 -1).
       %w는 현재 Windows에서 구현되지 않았습니다. %w가 지원되는 시스템에서,
       명령을 호출하는 데 사용되는 셸 이스케이핑을 깨뜨릴 수 있으므로
       따옴표로 묶어서는 안 됩니다.
       사용 예시: bitcoind -walletnotify="echo 'Tx: %s' >> /var/log/bitcoin-tx.log"

  -walletrbf
       전체-RBF 옵트인을 활성화하여 트랜잭션 전송 (RPC만, 기본값: 1)

ZeroMQ 알림 옵션:

  -zmqpubhashblock=<address>
       <address>에서 해시 블록 게시 활성화

  -zmqpubhashblockhwm=<n>
       해시 블록 아웃바운드 메시지 고수위 마크 설정 (기본값: 1000)

  -zmqpubhashtx=<address>
       <address>에서 해시 트랜잭션 게시 활성화

  -zmqpubhashtxhwm=<n>
       해시 트랜잭션 아웃바운드 메시지 고수위 마크 설정 (기본값:
       1000)

  -zmqpubrawblock=<address>
       <address>에서 원시 블록 게시 활성화
       사용 예시: bitcoind -zmqpubrawblock=tcp://127.0.0.1:28332

  -zmqpubrawblockhwm=<n>
       원시 블록 아웃바운드 메시지 고수위 마크 설정 (기본값: 1000)

  -zmqpubrawtx=<address>
       <address>에서 원시 트랜잭션 게시 활성화
       사용 예시: bitcoind -zmqpubrawtx=tcp://127.0.0.1:28333

  -zmqpubrawtxhwm=<n>
       원시 트랜잭션 아웃바운드 메시지 고수위 마크 설정 (기본값:
       1000)

  -zmqpubsequence=<address>
       <address>에서 해시 블록 및 tx 시퀀스 게시 활성화

  -zmqpubsequencehwm=<n>
       해시 시퀀스 메시지 고수위 마크 설정 (기본값: 1000)

디버깅/테스트 옵션:

  -debug=<category>
       디버그 및 추적 로깅 출력 (기본값: -nodebug, <category> 제공은
       선택 사항). <category>가 제공되지 않거나 <category>가 1
       또는 "all"인 경우, 모든 디버그 로깅을 출력합니다. <category>가 0 또는 "none"인 경우,
       다른 카테고리는 무시됩니다. <category>의 다른 유효한 값은
       다음과 같습니다: addrman, bench, blockstorage, cmpctblock, coindb,
       estimatefee, http, i2p, ipc, leveldb, libevent, mempool,
       mempoolrej, net, proxy, prune, qt, rand, reindex, rpc, scan,
       selectcoins, tor, txpackages, txreconciliation, validation,
       walletdb, zmq. 여러 카테고리를 출력하기 위해 이 옵션을 여러 번
       지정할 수 있습니다.
       사용 예시: bitcoind -debug=net -debug=rpc
       
       📌 사용 상황:
       - 문제를 진단하고 디버깅할 때
       - 특정 기능의 동작을 자세히 확인하고 싶을 때
       - 개발자가 코드를 디버깅할 때
       - 네트워크 연결 문제 해결
       - 성능 문제 분석
       
       💡 권장 설정:
       - 일반 사용: 설정 안 함 (기본값, 로그 파일 크기 절약)
       - 네트워크 문제: -debug=net
       - RPC 문제: -debug=rpc
       - 모든 디버그: -debug=all 또는 -debug=1
       - 여러 카테고리: -debug=net -debug=mempool -debug=validation
       - 주의: 로그 파일이 매우 커질 수 있음
       
       ✅ 기대 결과:
       - 지정한 카테고리의 상세한 디버그 정보 출력
       - debug.log 파일에 자세한 로그 기록
       - 문제 원인 파악에 도움
       - 로그 파일 크기 증가 (수 GB까지 가능)
       - 성능에 약간의 영향 (로깅 오버헤드)

  -debugexclude=<category>
       카테고리에 대한 디버그 및 추적 로깅 제외. -debug=1과 함께 사용하여
       지정된 카테고리를 제외한 모든 카테고리에 대한 디버그 및 추적 로깅을
       출력할 수 있습니다. 이 옵션은 여러 카테고리를 제외하기 위해 여러 번
       지정할 수 있습니다. 이것은 "-debug"보다 우선순위가 높습니다.

  -help-debug
       디버깅 옵션이 포함된 도움말 메시지를 출력하고 종료합니다

  -logips
       디버그 출력에 IP 주소 포함 (기본값: 0)

  -loglevelalways
       항상 카테고리 및 레벨을 앞에 붙입니다 (기본값: 0)

  -logsourcelocations
       디버그 출력 앞에 원본 소스 위치 이름
       (소스 파일, 줄 번호 및 함수 이름)을 붙입니다 (기본값: 0)

  -logthreadnames
       디버그 출력 앞에 원본 스레드 이름을 붙입니다 (기본값: 0)

  -logtimestamps
       디버그 출력 앞에 타임스탬프를 붙입니다 (기본값: 1)

  -maxtxfee=<amt>
       단일 지갑 트랜잭션에서 사용할 최대 총 수수료(BTC 단위);
       이것을 너무 낮게 설정하면 큰 트랜잭션이 중단될 수 있습니다 (기본값: 0.10)

  -printtoconsole
       추적/디버그 정보를 콘솔로 전송 (기본값: -daemon이 없을 때 1.
       파일에 로깅을 비활성화하려면 -nodebuglogfile 설정)
       사용 예시: bitcoind -printtoconsole

  -shrinkdebugfile
       클라이언트 시작 시 debug.log 파일 축소 (기본값: -debug가 없을 때 1)

  -uacomment=<cmt>
       사용자 에이전트 문자열에 주석 추가

체인 선택 옵션:

  -chain=<chain>
       체인 <chain> 사용 (기본값: main). 허용되는 값: main, test,
       testnet4, signet, regtest

  -signet
       signet 체인 사용. -chain=signet와 동일합니다. 네트워크는
       -signetchallenge 매개변수로 정의됩니다.

  -signetchallenge
       블록이 유효한 것으로 간주되려면 주어진 스크립트를 만족해야 합니다
       (signet 네트워크에만 해당; 전역 기본 signet 테스트
       네트워크 챌린지로 기본값)

  -signetseednode
       signet 네트워크에 대한 시드 노드 지정, hostname[:port]
       형식, 예: sig.net:1234 (여러 시드 노드를 지정하기 위해 여러 번
       사용할 수 있음; 전역 기본 signet 테스트
       네트워크 시드 노드로 기본값)

  -testnet
       testnet3 체인 사용. -chain=test와 동일합니다. testnet3 지원은
       사용 중단되었으며 향후 릴리스에서 제거될 예정입니다.
       지금 -testnet4를 사용하여 testnet4로 이동하는 것을 고려하세요.
       사용 예시: bitcoind -testnet
       
       📌 사용 상황:
       - 테스트 목적으로 사용할 때
       - 실제 비트코인 없이 테스트하고 싶을 때
       - 개발 및 학습 목적
       - DApp 테스트
       - ⚠️ 사용 중단됨: -testnet4 사용 권장
       
       💡 권장 설정:
       - 테스트넷 사용: -testnet4 (권장, testnet3 대신)
       - 메인넷: 옵션 없음 (기본값)
       - signet: -signet (다른 테스트 네트워크)
       - regtest: -regtest (로컬 테스트)
       
       ✅ 기대 결과:
       - 테스트넷 네트워크에 연결
       - 테스트넷 비트코인 사용 (가치 없음)
       - 포트 18333 사용 (메인넷 8333과 다름)
       - 별도의 데이터 디렉토리 사용
       - 실제 비트코인 없이 안전하게 테스트 가능

  -testnet4
       testnet4 체인 사용. -chain=testnet4와 동일합니다.
       사용 예시: bitcoind -testnet4
       
       📌 사용 상황:
       - 최신 테스트넷을 사용하고 싶을 때
       - testnet3 대신 새로운 테스트넷 사용
       - 개발 및 테스트 목적
       - 실제 비트코인 없이 안전하게 실험
       
       💡 권장 설정:
       - 테스트넷 사용: -testnet4 (testnet3 대신 권장)
       - 포트: 48333 (자동 설정)
       - 데이터 디렉토리: testnet4 폴더 사용
       
       ✅ 기대 결과:
       - testnet4 네트워크에 연결
       - 테스트넷 비트코인 사용 (가치 없음)
       - 포트 48333 사용
       - testnet3보다 최신 기능 지원
       - 안전한 테스트 환경 제공

노드 릴레이 옵션:

  -bytespersigop
       릴레이 및 마이닝을 위한 트랜잭션의 sigop당 등가 바이트
       (기본값: 20)

  -datacarrier
       데이터 캐리어 트랜잭션 릴레이 및 마이닝 (기본값: 1)

  -datacarriersize
       데이터 캐리어 원시 scriptPubKey가 집계에서 이 크기 이하인 트랜잭션을
       릴레이 및 마이닝, 여러 출력 허용
       (기본값: 100000)

  -minrelaytxfee=<amt>
       이것보다 작은 수수료(BTC/kvB 단위)는 릴레이, 마이닝 및
       트랜잭션 생성에 대해 제로 수수료로 간주됩니다 (기본값: 0.000001)

  -permitbaremultisig
       비-P2SH 멀티시그 출력을 생성하는 트랜잭션 릴레이 (기본값: 1)

  -whitelistforcerelay
       기본 권한이 있는 화이트리스트 피어에 'forcerelay' 권한 추가.
       이것은 트랜잭션이 이미 메모리 풀에 있는 경우에도 트랜잭션을 릴레이합니다.
       (기본값: 0)

  -whitelistrelay
       기본 권한이 있는 화이트리스트 피어에 'relay' 권한 추가.
       이것은 트랜잭션을 릴레이하지 않을 때도 릴레이된 트랜잭션을 수락합니다
       (기본값: 1)

블록 생성 옵션:

  -blockmintxfee=<amt>
       블록 생성에 포함될 트랜잭션의 최저 수수료율(BTC/kvB 단위) 설정.
       (기본값: 0.00000001)

  -blockreservedweight=<n>
       고정 크기 블록 헤더와 마이닝 소프트웨어가 블록에 추가할 수 있는
       가장 큰 코인베이스 트랜잭션을 위한 공간 예약. (기본값:
       8000).

RPC 서버 옵션:

  -rest
       공용 REST 요청 수락 (기본값: 0)

  -rpcallowip=<ip>
       지정된 소스에서 JSON-RPC 연결 허용. <ip>의 유효한 값은
       단일 IP(예: 1.2.3.4), 네트워크/넷마스크(예:
       1.2.3.4/255.255.255.0), 네트워크/CIDR(예: 1.2.3.4/24), 모든
       ipv4 (0.0.0.0/0), 또는 모든 ipv6 (::/0). RFC4193은
       -cjdnsreachable=0인 경우에만 허용됩니다. 이 옵션은 여러 번
       지정할 수 있습니다.
       사용 예시: bitcoind -rpcallowip=127.0.0.1 -rpcallowip=192.168.1.0/24
       
       📌 사용 상황:
       - 다른 컴퓨터에서 RPC 명령을 실행해야 할 때
       - 로컬 네트워크의 여러 서버에서 접근해야 할 때
       - 보안을 위해 특정 IP만 허용하고 싶을 때
       - 공용 인터넷에 노출하지 않고 내부 네트워크만 허용할 때
       
       💡 권장 설정:
       - 로컬만 (가장 안전): -rpcallowip=127.0.0.1 (기본값)
       - 로컬 네트워크: -rpcallowip=192.168.1.0/24
       - 여러 네트워크: -rpcallowip=192.168.1.0/24 -rpcallowip=10.0.0.0/8
       - 특정 IP만: -rpcallowip=203.0.113.50
       - ⚠️ 절대 사용 금지: -rpcallowip=0.0.0.0/0 (모든 IP 허용, 매우 위험!)
       
       ✅ 기대 결과:
       - 지정한 IP에서만 RPC 접근 가능
       - 보안 강화 (무단 접근 방지)
       - -rpcbind와 함께 사용해야 효과적
       - 허용되지 않은 IP에서 접근 시 연결 거부
       - 네트워크 보안 정책에 맞게 세밀하게 제어 가능

  -rpcauth=<userpw>
       JSON-RPC 연결을 위한 사용자명 및 HMAC-SHA-256 해시된 비밀번호.
       필드 <userpw>는 다음 형식으로 제공됩니다: <USERNAME>:<SALT>$<HASH>.
       표준 Python 스크립트가 share/rpcauth에 포함되어 있습니다.
       클라이언트는 그런 다음
       rpcuser=<USERNAME>/rpcpassword=<PASSWORD> 인수 쌍을 사용하여 정상적으로 연결합니다.
       이 옵션은 여러 번 지정할 수 있습니다.

  -rpcbind=<addr>[:port]
       JSON-RPC 연결을 수신하기 위해 주어진 주소에 바인딩합니다.
       공용 인터넷과 같은 신뢰할 수 없는 네트워크에 RPC 서버를 노출하지 마세요!
       이 옵션은 -rpcallowip도 전달되지 않는 한 무시됩니다. 포트는
       선택 사항이며 -rpcport를 재정의합니다. IPv6의 경우 [host]:port 표기법을
       사용하세요. 이 옵션은 여러 번 지정할 수 있습니다 (기본값:
       127.0.0.1 및 ::1 즉, localhost)
       사용 예시: bitcoind -rpcbind=127.0.0.1 -rpcallowip=127.0.0.1
       
       📌 사용 상황:
       - 다른 컴퓨터에서 RPC로 접근해야 할 때
       - 로컬 네트워크의 서버에서 접근해야 할 때
       - 특정 네트워크 인터페이스에서만 수신하고 싶을 때
       - IPv6를 사용하는 환경에서
       
       💡 권장 설정:
       - 로컬만 (가장 안전): -rpcbind=127.0.0.1 (기본값)
       - 로컬 네트워크: -rpcbind=192.168.1.100 (서버의 로컬 IP)
       - 모든 인터페이스: -rpcbind=0.0.0.0 (⚠️ -rpcallowip 필수!)
       - IPv6: -rpcbind=[::1] 또는 -rpcbind=[2001:db8::1]
       - 포트 변경: -rpcbind=127.0.0.1:18332
       
       ✅ 기대 결과:
       - 지정한 주소와 포트에서 RPC 연결 수신
       - -rpcallowip와 함께 사용해야 외부 접근 가능
       - 보안 강화 (특정 주소에서만 수신)
       - 여러 주소에 바인딩 가능 (여러 번 지정)
       - 공용 인터넷에 노출 시 보안 위험 증가

  -rpccookiefile=<loc>
       인증 쿠키 위치. 상대 경로는 네트워크별 datadir 위치로 접두사가 붙습니다.
       (기본값: 데이터 디렉토리)

  -rpccookieperms=<readable-by>
       RPC 인증 쿠키 파일에 대한 권한을 설정하여
       [owner|group|all]이 읽을 수 있도록 합니다 (기본값: owner [umask 0077를 통해])

  -rpcpassword=<pw>
       JSON-RPC 연결을 위한 비밀번호
       사용 예시: bitcoind -rpcuser=bitcoin -rpcpassword=your_secure_password
       
       📌 사용 상황:
       - RPC 서버를 활성화할 때 (필수)
       - 외부에서 RPC 접근을 허용할 때
       - 보안을 위해 인증이 필요할 때
       - -server 옵션과 함께 사용
       
       💡 권장 설정:
       - 강력한 비밀번호 사용 (최소 16자, 대소문자, 숫자, 특수문자 포함)
       - bitcoin.conf 파일에 저장 (명령줄보다 안전)
       - 예: -rpcpassword=MyStr0ng!P@ssw0rd2024
       - 주의: 명령줄에 직접 입력 시 프로세스 목록에 노출될 수 있음
       - 대안: -rpcauth 사용 (HMAC-SHA-256 해시)
       
       ✅ 기대 결과:
       - RPC 접근 시 사용자명과 비밀번호 인증 필요
       - 무단 접근 방지
       - bitcoin-cli 사용 시 자동 인증 (쿠키 파일 사용 가능)
       - 보안 강화 (인증 없이는 RPC 명령 실행 불가)

  -rpcport=<port>
       <port>에서 JSON-RPC 연결 수신 (기본값: 8332, testnet3:
       18332, testnet4: 48332, signet: 38332, regtest: 18443)
       사용 예시: bitcoind -rpcport=8332

  -rpcthreads=<n>
       RPC 호출을 처리할 스레드 수 설정 (기본값: 16)

  -rpcuser=<user>
       JSON-RPC 연결을 위한 사용자명
       사용 예시: bitcoind -rpcuser=bitcoin -rpcpassword=your_secure_password

  -rpcwhitelist=<whitelist>
       특정 사용자에 대한 들어오는 RPC 호출을 필터링하기 위한 화이트리스트 설정.
       필드 <whitelist>는 다음 형식으로 제공됩니다: <USERNAME>:<rpc 1>,<rpc
       2>,...,<rpc n>. 주어진 사용자에 대해 여러 화이트리스트가 설정된 경우,
       교집합으로 설정됩니다. 기본 화이트리스트 동작에 대한 정보는
       -rpcwhitelistdefault 문서를 참조하세요.

  -rpcwhitelistdefault
       rpc 화이트리스트의 기본 동작을 설정합니다. rpcwhitelistdefault가
       0으로 설정되지 않는 한, -rpcwhitelist가 설정되면 rpc 서버는
       모든 rpc 사용자가 지정되지 않은 한 비어 있는 화이트리스트의 대상인 것처럼 동작합니다.
       rpcwhitelistdefault가 1로 설정되고
       -rpcwhitelist가 설정되지 않은 경우, rpc 서버는 모든 rpc 사용자가
       비어 있는 화이트리스트의 대상인 것처럼 동작합니다.

  -server
       명령줄 및 JSON-RPC 명령 수락
       사용 예시: bitcoind -server -rpcuser=bitcoin -rpcpassword=your_password
       
       📌 사용 상황:
       - RPC 명령을 사용해야 할 때 (필수)
       - bitcoin-cli로 노드를 제어해야 할 때
       - 외부 프로그램이 RPC로 접근해야 할 때
       - 블록 탐색기나 모니터링 도구를 사용할 때
       
       💡 권장 설정:
       - RPC 사용 시: -server (필수)
       - -rpcuser와 -rpcpassword와 함께 사용
       - bitcoin.conf에 server=1로 설정 가능
       - 기본값: 비활성화 (보안상 안전)
       
       ✅ 기대 결과:
       - RPC 서버가 활성화됨
       - bitcoin-cli 명령 실행 가능
       - JSON-RPC API 사용 가능
       - 외부 프로그램에서 노드 제어 가능
       - 포트 8332(기본값)에서 RPC 연결 수신

